  main.cpp
  ofApp.cpp
  pose_util.cpp
C:\of_v0.11.0_vs2017_release\libs\openFrameworks\math\ofMatrix4x4.h(326,1): warning C4267: '引数': 'size_t' から 'int' に変換しました。データが失われているかもしれません。 (ソース ファイルをコンパイルしています src\ofApp.cpp)
C:\of_v0.11.0_vs2017_release\libs\openFrameworks\math\ofMatrix4x4.h(331,1): warning C4267: '引数': 'size_t' から 'int' に変換しました。データが失われているかもしれません。 (ソース ファイルをコンパイルしています src\ofApp.cpp)
C:\of_v0.11.0_vs2017_release\libs\openFrameworks\math\ofMatrix4x4.h(912,12): warning C4267: '引数': 'size_t' から 'int' に変換しました。データが失われているかもしれません。 (ソース ファイルをコンパイルしています src\ofApp.cpp)
C:\of_v0.11.0_vs2017_release\libs\openFrameworks\math\ofMatrix4x4.h(913,12): warning C4267: '引数': 'size_t' から 'int' に変換しました。データが失われているかもしれません。 (ソース ファイルをコンパイルしています src\ofApp.cpp)
C:\of_v0.11.0_vs2017_release\libs\openFrameworks\math\ofMatrix4x4.h(914,12): warning C4267: '引数': 'size_t' から 'int' に変換しました。データが失われているかもしれません。 (ソース ファイルをコンパイルしています src\ofApp.cpp)
C:\of_v0.11.0_vs2017_release\libs\openFrameworks\math\ofMatrix4x4.h(915,12): warning C4267: '引数': 'size_t' から 'int' に変換しました。データが失われているかもしれません。 (ソース ファイルをコンパイルしています src\ofApp.cpp)
C:\of_v0.11.0_vs2017_release\libs\openFrameworks\math\ofMatrix4x4.h(326,1): warning C4267: '引数': 'size_t' から 'int' に変換しました。データが失われているかもしれません。 (ソース ファイルをコンパイルしています src\main.cpp)
C:\of_v0.11.0_vs2017_release\libs\openFrameworks\math\ofMatrix4x4.h(331,1): warning C4267: '引数': 'size_t' から 'int' に変換しました。データが失われているかもしれません。 (ソース ファイルをコンパイルしています src\main.cpp)
C:\of_v0.11.0_vs2017_release\libs\openFrameworks\math\ofMatrix4x4.h(912,12): warning C4267: '引数': 'size_t' から 'int' に変換しました。データが失われているかもしれません。 (ソース ファイルをコンパイルしています src\main.cpp)
C:\of_v0.11.0_vs2017_release\libs\openFrameworks\math\ofMatrix4x4.h(913,12): warning C4267: '引数': 'size_t' から 'int' に変換しました。データが失われているかもしれません。 (ソース ファイルをコンパイルしています src\main.cpp)
C:\of_v0.11.0_vs2017_release\libs\openFrameworks\math\ofMatrix4x4.h(914,12): warning C4267: '引数': 'size_t' から 'int' に変換しました。データが失われているかもしれません。 (ソース ファイルをコンパイルしています src\main.cpp)
C:\of_v0.11.0_vs2017_release\libs\openFrameworks\math\ofMatrix4x4.h(915,12): warning C4267: '引数': 'size_t' から 'int' に変換しました。データが失われているかもしれません。 (ソース ファイルをコンパイルしています src\main.cpp)
     ライブラリ bin\light_tracking.lib とオブジェクト bin\light_tracking.exp を作成中
  light_tracking.vcxproj -> C:\of_v0.11.0_vs2017_release\apps\myApps\light_tracking\bin\light_tracking.exe
  
  	                   2	C:\of_v0.11.0_vs2017_release\libs\fmodex\lib\vs\x64\
  	  *EXTRA File 		  229376	C:\of_v0.11.0_vs2017_release\apps\myApps\light_tracking\bin\freeglut.dll
  	  *EXTRA File 		 6942208	C:\of_v0.11.0_vs2017_release\apps\myApps\light_tracking\bin\FreeImage.dll
  	  *EXTRA File 		  364032	C:\of_v0.11.0_vs2017_release\apps\myApps\light_tracking\bin\glew32.dll
  	  *EXTRA File 		   48640	C:\of_v0.11.0_vs2017_release\apps\myApps\light_tracking\bin\glfw3.dll
  	  *EXTRA File 		31955456	C:\of_v0.11.0_vs2017_release\apps\myApps\light_tracking\bin\realsense2.dll
  
  	                   1	C:\of_v0.11.0_vs2017_release\libs\FreeImage\lib\vs\x64\
  	  *EXTRA File 		 1503232	C:\of_v0.11.0_vs2017_release\apps\myApps\light_tracking\bin\fmodex64.dll
  	  *EXTRA File 		 1552384	C:\of_v0.11.0_vs2017_release\apps\myApps\light_tracking\bin\fmodexL64.dll
  	  *EXTRA File 		  229376	C:\of_v0.11.0_vs2017_release\apps\myApps\light_tracking\bin\freeglut.dll
  	  *EXTRA File 		  364032	C:\of_v0.11.0_vs2017_release\apps\myApps\light_tracking\bin\glew32.dll
  	  *EXTRA File 		   48640	C:\of_v0.11.0_vs2017_release\apps\myApps\light_tracking\bin\glfw3.dll
  	  *EXTRA File 		31955456	C:\of_v0.11.0_vs2017_release\apps\myApps\light_tracking\bin\realsense2.dll
  
  	                   3	C:\of_v0.11.0_vs2017_release\libs\openFrameworksCompiled\lib\vs\x64\
  	  *EXTRA File 		 1503232	C:\of_v0.11.0_vs2017_release\apps\myApps\light_tracking\bin\fmodex64.dll
  	  *EXTRA File 		 1552384	C:\of_v0.11.0_vs2017_release\apps\myApps\light_tracking\bin\fmodexL64.dll
  	  *EXTRA File 		 6942208	C:\of_v0.11.0_vs2017_release\apps\myApps\light_tracking\bin\FreeImage.dll
  	  *EXTRA File 		31955456	C:\of_v0.11.0_vs2017_release\apps\myApps\light_tracking\bin\realsense2.dll
